<?xml version="1.0" encoding="UTF-8"?>
<!-- Generated by org.testng.reporters.JUnitXMLReporter -->
<testsuite hostname="MacBook-Air.local" ignored="0" name="DemoWebTest" tests="5" failures="2" timestamp="2020-09-24T02:25:12 IST" time="58.179" errors="0">
  <testcase name="testLogin" time="2.727" classname="testcases.TC_LoginTest_001">
    <failure type="java.lang.AssertionError" message="expected [true] but found [false]">
      <![CDATA[java.lang.AssertionError: expected [true] but found [false]
at testcases.TC_LoginTest_001.testLogin(TC_LoginTest_001.java:30)
at java.util.ArrayList.forEach(ArrayList.java:1249)
... Removed 35 stack frames]]>
    </failure>
  </testcase> <!-- testLogin -->
  <testcase name="loginDDT" time="5.811" classname="testcases.TC_LoginDDT_001"/>
  <testcase name="loginDDT" time="12.799" classname="testcases.TC_LoginDDT_001">
    <failure type="java.lang.AssertionError" message="expected [true] but found [false]">
      <![CDATA[java.lang.AssertionError: expected [true] but found [false]
at testcases.TC_LoginDDT_001.loginDDT(TC_LoginDDT_001.java:42)
at java.util.ArrayList.forEach(ArrayList.java:1249)
... Removed 35 stack frames]]>
    </failure>
  </testcase> <!-- loginDDT -->
  <testcase name="loginDDT" time="2.006" classname="testcases.TC_LoginDDT_001"/>
  <testcase name="loginDDT" time="6.97" classname="testcases.TC_LoginDDT_001"/>
</testsuite> <!-- DemoWebTest -->
